nohup: ignoring input

 It's time to...

 * * ________   _____  ______ ___* *  ___  ___       
  * \\   __   \/ __  \/  ____//   \ //   \/   \      
    //  / //  / /_// /  /__ // /\  \/  / / /  /   *  
   //  / //  /      /   __/// /_/  /  / / /  /   * * 
 _//  /_//  /  /\  \   /__//  __  /  / / /  /     *  
 \\________/__/ \\__\_____//_///_/__//_//__/     *   
               * *          * *      *         *     
      * *       *       * *      * *             *   
     * * *                                 ...baby...

commit e515d2490e1352f52cc1069371c23781a3ea812c
WaveSpectrum: Set uniform spectrum with 8 x 20 = 160 modes
  k range: [50.61, 58.55]
  theta_k range: [2.35, 2.49]
WhistlerDispersion initialized (SIMPLIFIED dispersion relation):
  B0 = 1.4 T
  n_e = 1e+19 m^-3
  v_A = 9.65699e+06 m/s
  w = v_A²/c² * Ω_ce/Ω_ci = 1.90509 m²/s
  Dispersion: ω = k|k_∥| * w
Pre-calculating dispersion relation for 160 wave modes...
  Dispersion: 10% complete (16/160 modes)
  Dispersion: 20% complete (32/160 modes)
  Dispersion: 30% complete (48/160 modes)
  Dispersion: 40% complete (64/160 modes)
  Dispersion: 50% complete (80/160 modes)
  Dispersion: 60% complete (96/160 modes)
  Dispersion: 70% complete (112/160 modes)
  Dispersion: 80% complete (128/160 modes)
  Dispersion: 90% complete (144/160 modes)
  Dispersion: 100% complete (160/160 modes)
✓ Dispersion relation cached successfully!
Quasilinear diffusion enabled with 160 wave modes.
  Harmonic modes: n = -2, -1, 0, 1, 2
LIST OF NON-TRIVIAL UNKNOWNS
ID   NAME          # ELEMENTS   DESCRIPTION
  0  f_re                1600   (3D kinetic equation)
  1  n_i                    4   (Fully prescribed)
  3  n_cold                 2   (n_cold = n_free - n_hot - n_re)
  4  n_re                   2   (dn_re/dt =0)
  5  j_ohm                  2   (j_ohm = sigma*E)
  7  j_re                   2   (Moment of f_re)
  8  j_tot                  2   (j_tot = j_ohm + j_hot + j_re)
 10  W_cold                 2   (W_cold = (3/2)*n_cold*T_cold)
 12  psi_p                  2   (Poloidal flux Ampere's law)
 13  psi_edge               1   (psi_edge = psi_wall)
 15  I_p                    1   (Ip = integral(j_tot))
 16  n_tot                  2   (n_tot = sum_i Z_i n_i)

LIST OF TRIVIAL UNKNOWNS
ID   NAME           DESCRIPTION
  2  n_hot          (zero)
  6  j_hot          (zero)
  9  T_cold         (Prescribed)
 11  E_field        (Prescribed)
 14  psi_wall       (zero)

Beginning time advance...
  Assembling diffusion operator at r=1/2 (160 modes × 5 harmonics)...
    Mode progress: 25% (40/160)
    Mode progress: 50% (80/160)
    Mode progress: 75% (120/160)
    Mode progress: 100% (160/160)
  Assembling diffusion operator at r=2/2 (160 modes × 5 harmonics)...
    Mode progress: 25% (40/160)
    Mode progress: 50% (80/160)
    Mode progress: 75% (120/160)
    Mode progress: 100% (160/160)
[1;32m1[0m...   Assembling diffusion operator at r=1/2 (160 modes × 5 harmonics)...
    Mode progress: 25% (40/160)
    Mode progress: 50% (80/160)
    Mode progress: 75% (120/160)
    Mode progress: 100% (160/160)
  Assembling diffusion operator at r=2/2 (160 modes × 5 harmonics)...
    Mode progress: 25% (40/160)
    Mode progress: 50% (80/160)
    Mode progress: 75% (120/160)
    Mode progress: 100% (160/160)
[1;32m2[0m...   Assembling diffusion operator at r=1/2 (160 modes × 5 harmonics)...
    Mode progress: 25% (40/160)
    Mode progress: 50% (80/160)
    Mode progress: 75% (120/160)
    Mode progress: 100% (160/160)
  Assembling diffusion operator at r=2/2 (160 modes × 5 harmonics)...
    Mode progress: 25% (40/160)
    Mode progress: 50% (80/160)
    Mode progress: 75% (120/160)
    Mode progress: 100% (160/160)
[1;32m3[0m...   Assembling diffusion operator at r=1/2 (160 modes × 5 harmonics)...
    Mode progress: 25% (40/160)
    Mode progress: 50% (80/160)
    Mode progress: 75% (120/160)
    Mode progress: 100% (160/160)
  Assembling diffusion operator at r=2/2 (160 modes × 5 harmonics)...
    Mode progress: 25% (40/160)
    Mode progress: 50% (80/160)
    Mode progress: 75% (120/160)
    Mode progress: 100% (160/160)
[1;32m4[0m...   Assembling diffusion operator at r=1/2 (160 modes × 5 harmonics)...
    Mode progress: 25% (40/160)
    Mode progress: 50% (80/160)
    Mode progress: 75% (120/160)
    Mode progress: 100% (160/160)
  Assembling diffusion operator at r=2/2 (160 modes × 5 harmonics)...
    Mode progress: 25% (40/160)
    Mode progress: 50% (80/160)
    Mode progress: 75% (120/160)
    Mode progress: 100% (160/160)
[1;32m5[0m...   Assembling diffusion operator at r=1/2 (160 modes × 5 harmonics)...
    Mode progress: 25% (40/160)
    Mode progress: 50% (80/160)
    Mode progress: 75% (120/160)
    Mode progress: 100% (160/160)
  Assembling diffusion operator at r=2/2 (160 modes × 5 harmonics)...
    Mode progress: 25% (40/160)
    Mode progress: 50% (80/160)
    Mode progress: 75% (120/160)
    Mode progress: 100% (160/160)
[1;32m6[0m...   Assembling diffusion operator at r=1/2 (160 modes × 5 harmonics)...
    Mode progress: 25% (40/160)
    Mode progress: 50% (80/160)
    Mode progress: 75% (120/160)
    Mode progress: 100% (160/160)
  Assembling diffusion operator at r=2/2 (160 modes × 5 harmonics)...
    Mode progress: 25% (40/160)
    Mode progress: 50% (80/160)
    Mode progress: 75% (120/160)
    Mode progress: 100% (160/160)
[1;32m7[0m...   Assembling diffusion operator at r=1/2 (160 modes × 5 harmonics)...
    Mode progress: 25% (40/160)
    Mode progress: 50% (80/160)
    Mode progress: 75% (120/160)
    Mode progress: 100% (160/160)
  Assembling diffusion operator at r=2/2 (160 modes × 5 harmonics)...
    Mode progress: 25% (40/160)
    Mode progress: 50% (80/160)
    Mode progress: 75% (120/160)
    Mode progress: 100% (160/160)
[1;32m8[0m...   Assembling diffusion operator at r=1/2 (160 modes × 5 harmonics)...
    Mode progress: 25% (40/160)
    Mode progress: 50% (80/160)
    Mode progress: 75% (120/160)
    Mode progress: 100% (160/160)
  Assembling diffusion operator at r=2/2 (160 modes × 5 harmonics)...
    Mode progress: 25% (40/160)
    Mode progress: 50% (80/160)
    Mode progress: 75% (120/160)
    Mode progress: 100% (160/160)
[1;32m9[0m...   Assembling diffusion operator at r=1/2 (160 modes × 5 harmonics)...
    Mode progress: 25% (40/160)
    Mode progress: 50% (80/160)
    Mode progress: 75% (120/160)
    Mode progress: 100% (160/160)
  Assembling diffusion operator at r=2/2 (160 modes × 5 harmonics)...
    Mode progress: 25% (40/160)
    Mode progress: 50% (80/160)
    Mode progress: 75% (120/160)
    Mode progress: 100% (160/160)
[1;32m10[0m... 
  Assembling diffusion operator at r=1/2 (160 modes × 5 harmonics)...
    Mode progress: 25% (40/160)
    Mode progress: 50% (80/160)
    Mode progress: 75% (120/160)
    Mode progress: 100% (160/160)
  Assembling diffusion operator at r=2/2 (160 modes × 5 harmonics)...
    Mode progress: 25% (40/160)
    Mode progress: 50% (80/160)
    Mode progress: 75% (120/160)
    Mode progress: 100% (160/160)
[1;32m11[0m...   Assembling diffusion operator at r=1/2 (160 modes × 5 harmonics)...
    Mode progress: 25% (40/160)
    Mode progress: 50% (80/160)
    Mode progress: 75% (120/160)
    Mode progress: 100% (160/160)
  Assembling diffusion operator at r=2/2 (160 modes × 5 harmonics)...
    Mode progress: 25% (40/160)
    Mode progress: 50% (80/160)
    Mode progress: 75% (120/160)
    Mode progress: 100% (160/160)
[1;32m12[0m...   Assembling diffusion operator at r=1/2 (160 modes × 5 harmonics)...
    Mode progress: 25% (40/160)
    Mode progress: 50% (80/160)
    Mode progress: 75% (120/160)
    Mode progress: 100% (160/160)
  Assembling diffusion operator at r=2/2 (160 modes × 5 harmonics)...
    Mode progress: 25% (40/160)
    Mode progress: 50% (80/160)
    Mode progress: 75% (120/160)
    Mode progress: 100% (160/160)
[1;32m13[0m...   Assembling diffusion operator at r=1/2 (160 modes × 5 harmonics)...
    Mode progress: 25% (40/160)
    Mode progress: 50% (80/160)
    Mode progress: 75% (120/160)
    Mode progress: 100% (160/160)
  Assembling diffusion operator at r=2/2 (160 modes × 5 harmonics)...
    Mode progress: 25% (40/160)
    Mode progress: 50% (80/160)
    Mode progress: 75% (120/160)
    Mode progress: 100% (160/160)
[1;32m14[0m...   Assembling diffusion operator at r=1/2 (160 modes × 5 harmonics)...
    Mode progress: 25% (40/160)
    Mode progress: 50% (80/160)
    Mode progress: 75% (120/160)
    Mode progress: 100% (160/160)
  Assembling diffusion operator at r=2/2 (160 modes × 5 harmonics)...
    Mode progress: 25% (40/160)
    Mode progress: 50% (80/160)
    Mode progress: 75% (120/160)
    Mode progress: 100% (160/160)
[1;32m15[0m...   Assembling diffusion operator at r=1/2 (160 modes × 5 harmonics)...
    Mode progress: 25% (40/160)
    Mode progress: 50% (80/160)
    Mode progress: 75% (120/160)
    Mode progress: 100% (160/160)
  Assembling diffusion operator at r=2/2 (160 modes × 5 harmonics)...
    Mode progress: 25% (40/160)
    Mode progress: 50% (80/160)
    Mode progress: 75% (120/160)
    Mode progress: 100% (160/160)
[1;32m16[0m...   Assembling diffusion operator at r=1/2 (160 modes × 5 harmonics)...
    Mode progress: 25% (40/160)
    Mode progress: 50% (80/160)
    Mode progress: 75% (120/160)
    Mode progress: 100% (160/160)
  Assembling diffusion operator at r=2/2 (160 modes × 5 harmonics)...
    Mode progress: 25% (40/160)
    Mode progress: 50% (80/160)
    Mode progress: 75% (120/160)
    Mode progress: 100% (160/160)
[1;32m17[0m...   Assembling diffusion operator at r=1/2 (160 modes × 5 harmonics)...
    Mode progress: 25% (40/160)
    Mode progress: 50% (80/160)
    Mode progress: 75% (120/160)
    Mode progress: 100% (160/160)
  Assembling diffusion operator at r=2/2 (160 modes × 5 harmonics)...
    Mode progress: 25% (40/160)
    Mode progress: 50% (80/160)
    Mode progress: 75% (120/160)
    Mode progress: 100% (160/160)
[1;32m18[0m...   Assembling diffusion operator at r=1/2 (160 modes × 5 harmonics)...
    Mode progress: 25% (40/160)
    Mode progress: 50% (80/160)
    Mode progress: 75% (120/160)
    Mode progress: 100% (160/160)
  Assembling diffusion operator at r=2/2 (160 modes × 5 harmonics)...
    Mode progress: 25% (40/160)
    Mode progress: 50% (80/160)
    Mode progress: 75% (120/160)
    Mode progress: 100% (160/160)
[1;32m19[0m...   Assembling diffusion operator at r=1/2 (160 modes × 5 harmonics)...
    Mode progress: 25% (40/160)
    Mode progress: 50% (80/160)
    Mode progress: 75% (120/160)
    Mode progress: 100% (160/160)
  Assembling diffusion operator at r=2/2 (160 modes × 5 harmonics)...
    Mode progress: 25% (40/160)
    Mode progress: 50% (80/160)
    Mode progress: 75% (120/160)
    Mode progress: 100% (160/160)
[1;32m20[0m... 
  Assembling diffusion operator at r=1/2 (160 modes × 5 harmonics)...
    Mode progress: 25% (40/160)
    Mode progress: 50% (80/160)
    Mode progress: 75% (120/160)
    Mode progress: 100% (160/160)
  Assembling diffusion operator at r=2/2 (160 modes × 5 harmonics)...
    Mode progress: 25% (40/160)
    Mode progress: 50% (80/160)
    Mode progress: 75% (120/160)
    Mode progress: 100% (160/160)
[1;32m21[0m...   Assembling diffusion operator at r=1/2 (160 modes × 5 harmonics)...
    Mode progress: 25% (40/160)
    Mode progress: 50% (80/160)
    Mode progress: 75% (120/160)
    Mode progress: 100% (160/160)
  Assembling diffusion operator at r=2/2 (160 modes × 5 harmonics)...
    Mode progress: 25% (40/160)
    Mode progress: 50% (80/160)
    Mode progress: 75% (120/160)
    Mode progress: 100% (160/160)
[1;32m22[0m...   Assembling diffusion operator at r=1/2 (160 modes × 5 harmonics)...
    Mode progress: 25% (40/160)
    Mode progress: 50% (80/160)
    Mode progress: 75% (120/160)
    Mode progress: 100% (160/160)
  Assembling diffusion operator at r=2/2 (160 modes × 5 harmonics)...
    Mode progress: 25% (40/160)
    Mode progress: 50% (80/160)
    Mode progress: 75% (120/160)
    Mode progress: 100% (160/160)
[1;32m23[0m...   Assembling diffusion operator at r=1/2 (160 modes × 5 harmonics)...
    Mode progress: 25% (40/160)
    Mode progress: 50% (80/160)
    Mode progress: 75% (120/160)
    Mode progress: 100% (160/160)
  Assembling diffusion operator at r=2/2 (160 modes × 5 harmonics)...
    Mode progress: 25% (40/160)
    Mode progress: 50% (80/160)
    Mode progress: 75% (120/160)
    Mode progress: 100% (160/160)
[1;32m24[0m...   Assembling diffusion operator at r=1/2 (160 modes × 5 harmonics)...
    Mode progress: 25% (40/160)
    Mode progress: 50% (80/160)
    Mode progress: 75% (120/160)
    Mode progress: 100% (160/160)
  Assembling diffusion operator at r=2/2 (160 modes × 5 harmonics)...
    Mode progress: 25% (40/160)
    Mode progress: 50% (80/160)
    Mode progress: 75% (120/160)
    Mode progress: 100% (160/160)
[1;32m25[0m...   Assembling diffusion operator at r=1/2 (160 modes × 5 harmonics)...
    Mode progress: 25% (40/160)
    Mode progress: 50% (80/160)
    Mode progress: 75% (120/160)
    Mode progress: 100% (160/160)
  Assembling diffusion operator at r=2/2 (160 modes × 5 harmonics)...
    Mode progress: 25% (40/160)
    Mode progress: 50% (80/160)
    Mode progress: 75% (120/160)
    Mode progress: 100% (160/160)
[1;32m26[0m...   Assembling diffusion operator at r=1/2 (160 modes × 5 harmonics)...
    Mode progress: 25% (40/160)
    Mode progress: 50% (80/160)
    Mode progress: 75% (120/160)
    Mode progress: 100% (160/160)
  Assembling diffusion operator at r=2/2 (160 modes × 5 harmonics)...
    Mode progress: 25% (40/160)
    Mode progress: 50% (80/160)
    Mode progress: 75% (120/160)
    Mode progress: 100% (160/160)
[1;32m27[0m...   Assembling diffusion operator at r=1/2 (160 modes × 5 harmonics)...
    Mode progress: 25% (40/160)
    Mode progress: 50% (80/160)
    Mode progress: 75% (120/160)
    Mode progress: 100% (160/160)
  Assembling diffusion operator at r=2/2 (160 modes × 5 harmonics)...
    Mode progress: 25% (40/160)
    Mode progress: 50% (80/160)
    Mode progress: 75% (120/160)
    Mode progress: 100% (160/160)
[1;32m28[0m...   Assembling diffusion operator at r=1/2 (160 modes × 5 harmonics)...
    Mode progress: 25% (40/160)
    Mode progress: 50% (80/160)
    Mode progress: 75% (120/160)
    Mode progress: 100% (160/160)
  Assembling diffusion operator at r=2/2 (160 modes × 5 harmonics)...
    Mode progress: 25% (40/160)
    Mode progress: 50% (80/160)
    Mode progress: 75% (120/160)
    Mode progress: 100% (160/160)
[1;32m29[0m...   Assembling diffusion operator at r=1/2 (160 modes × 5 harmonics)...
    Mode progress: 25% (40/160)
    Mode progress: 50% (80/160)
    Mode progress: 75% (120/160)
    Mode progress: 100% (160/160)
  Assembling diffusion operator at r=2/2 (160 modes × 5 harmonics)...
    Mode progress: 25% (40/160)
    Mode progress: 50% (80/160)
    Mode progress: 75% (120/160)
    Mode progress: 100% (160/160)
[1;32m30[0m... 
  Assembling diffusion operator at r=1/2 (160 modes × 5 harmonics)...
    Mode progress: 25% (40/160)
    Mode progress: 50% (80/160)
    Mode progress: 75% (120/160)
    Mode progress: 100% (160/160)
  Assembling diffusion operator at r=2/2 (160 modes × 5 harmonics)...
    Mode progress: 25% (40/160)
    Mode progress: 50% (80/160)
    Mode progress: 75% (120/160)
    Mode progress: 100% (160/160)
[1;32m31[0m...   Assembling diffusion operator at r=1/2 (160 modes × 5 harmonics)...
    Mode progress: 25% (40/160)
    Mode progress: 50% (80/160)
    Mode progress: 75% (120/160)
    Mode progress: 100% (160/160)
  Assembling diffusion operator at r=2/2 (160 modes × 5 harmonics)...
    Mode progress: 25% (40/160)
    Mode progress: 50% (80/160)
    Mode progress: 75% (120/160)
    Mode progress: 100% (160/160)
[1;32m32[0m...   Assembling diffusion operator at r=1/2 (160 modes × 5 harmonics)...
    Mode progress: 25% (40/160)
    Mode progress: 50% (80/160)
    Mode progress: 75% (120/160)
    Mode progress: 100% (160/160)
  Assembling diffusion operator at r=2/2 (160 modes × 5 harmonics)...
    Mode progress: 25% (40/160)
    Mode progress: 50% (80/160)
    Mode progress: 75% (120/160)
    Mode progress: 100% (160/160)
[1;32m33[0m...   Assembling diffusion operator at r=1/2 (160 modes × 5 harmonics)...
    Mode progress: 25% (40/160)
    Mode progress: 50% (80/160)
    Mode progress: 75% (120/160)
    Mode progress: 100% (160/160)
  Assembling diffusion operator at r=2/2 (160 modes × 5 harmonics)...
    Mode progress: 25% (40/160)
    Mode progress: 50% (80/160)
    Mode progress: 75% (120/160)
    Mode progress: 100% (160/160)
[1;32m34[0m...   Assembling diffusion operator at r=1/2 (160 modes × 5 harmonics)...
    Mode progress: 25% (40/160)
    Mode progress: 50% (80/160)
    Mode progress: 75% (120/160)
    Mode progress: 100% (160/160)
  Assembling diffusion operator at r=2/2 (160 modes × 5 harmonics)...
    Mode progress: 25% (40/160)
    Mode progress: 50% (80/160)
    Mode progress: 75% (120/160)
    Mode progress: 100% (160/160)
[1;32m35[0m...   Assembling diffusion operator at r=1/2 (160 modes × 5 harmonics)...
    Mode progress: 25% (40/160)
    Mode progress: 50% (80/160)
    Mode progress: 75% (120/160)
    Mode progress: 100% (160/160)
  Assembling diffusion operator at r=2/2 (160 modes × 5 harmonics)...
    Mode progress: 25% (40/160)
    Mode progress: 50% (80/160)
    Mode progress: 75% (120/160)
    Mode progress: 100% (160/160)
[1;32m36[0m...   Assembling diffusion operator at r=1/2 (160 modes × 5 harmonics)...
    Mode progress: 25% (40/160)
    Mode progress: 50% (80/160)
    Mode progress: 75% (120/160)
    Mode progress: 100% (160/160)
  Assembling diffusion operator at r=2/2 (160 modes × 5 harmonics)...
    Mode progress: 25% (40/160)
    Mode progress: 50% (80/160)
    Mode progress: 75% (120/160)
    Mode progress: 100% (160/160)
[1;32m37[0m...   Assembling diffusion operator at r=1/2 (160 modes × 5 harmonics)...
    Mode progress: 25% (40/160)
    Mode progress: 50% (80/160)
    Mode progress: 75% (120/160)
    Mode progress: 100% (160/160)
  Assembling diffusion operator at r=2/2 (160 modes × 5 harmonics)...
    Mode progress: 25% (40/160)
    Mode progress: 50% (80/160)
    Mode progress: 75% (120/160)
    Mode progress: 100% (160/160)
[1;32m38[0m...   Assembling diffusion operator at r=1/2 (160 modes × 5 harmonics)...
    Mode progress: 25% (40/160)
    Mode progress: 50% (80/160)
    Mode progress: 75% (120/160)
    Mode progress: 100% (160/160)
  Assembling diffusion operator at r=2/2 (160 modes × 5 harmonics)...
    Mode progress: 25% (40/160)
    Mode progress: 50% (80/160)
    Mode progress: 75% (120/160)
    Mode progress: 100% (160/160)
[1;32m39[0m...   Assembling diffusion operator at r=1/2 (160 modes × 5 harmonics)...
    Mode progress: 25% (40/160)
    Mode progress: 50% (80/160)
    Mode progress: 75% (120/160)
    Mode progress: 100% (160/160)
  Assembling diffusion operator at r=2/2 (160 modes × 5 harmonics)...
    Mode progress: 25% (40/160)
    Mode progress: 50% (80/160)
    Mode progress: 75% (120/160)
    Mode progress: 100% (160/160)
[1;32m40[0m... 
  Assembling diffusion operator at r=1/2 (160 modes × 5 harmonics)...
    Mode progress: 25% (40/160)
    Mode progress: 50% (80/160)
    Mode progress: 75% (120/160)
    Mode progress: 100% (160/160)
  Assembling diffusion operator at r=2/2 (160 modes × 5 harmonics)...
    Mode progress: 25% (40/160)
    Mode progress: 50% (80/160)
    Mode progress: 75% (120/160)
    Mode progress: 100% (160/160)
[1;32m41[0m...   Assembling diffusion operator at r=1/2 (160 modes × 5 harmonics)...
    Mode progress: 25% (40/160)
    Mode progress: 50% (80/160)
    Mode progress: 75% (120/160)
    Mode progress: 100% (160/160)
  Assembling diffusion operator at r=2/2 (160 modes × 5 harmonics)...
    Mode progress: 25% (40/160)
    Mode progress: 50% (80/160)
    Mode progress: 75% (120/160)
    Mode progress: 100% (160/160)
[1;32m42[0m...   Assembling diffusion operator at r=1/2 (160 modes × 5 harmonics)...
    Mode progress: 25% (40/160)
    Mode progress: 50% (80/160)
    Mode progress: 75% (120/160)
    Mode progress: 100% (160/160)
  Assembling diffusion operator at r=2/2 (160 modes × 5 harmonics)...
    Mode progress: 25% (40/160)
    Mode progress: 50% (80/160)
    Mode progress: 75% (120/160)
    Mode progress: 100% (160/160)
[1;32m43[0m...   Assembling diffusion operator at r=1/2 (160 modes × 5 harmonics)...
    Mode progress: 25% (40/160)
    Mode progress: 50% (80/160)
    Mode progress: 75% (120/160)
    Mode progress: 100% (160/160)
  Assembling diffusion operator at r=2/2 (160 modes × 5 harmonics)...
    Mode progress: 25% (40/160)
    Mode progress: 50% (80/160)
    Mode progress: 75% (120/160)
    Mode progress: 100% (160/160)
[1;32m44[0m...   Assembling diffusion operator at r=1/2 (160 modes × 5 harmonics)...
    Mode progress: 25% (40/160)
    Mode progress: 50% (80/160)
    Mode progress: 75% (120/160)
    Mode progress: 100% (160/160)
  Assembling diffusion operator at r=2/2 (160 modes × 5 harmonics)...
    Mode progress: 25% (40/160)
    Mode progress: 50% (80/160)
    Mode progress: 75% (120/160)
    Mode progress: 100% (160/160)
[1;32m45[0m...   Assembling diffusion operator at r=1/2 (160 modes × 5 harmonics)...
    Mode progress: 25% (40/160)
    Mode progress: 50% (80/160)
    Mode progress: 75% (120/160)
    Mode progress: 100% (160/160)
  Assembling diffusion operator at r=2/2 (160 modes × 5 harmonics)...
    Mode progress: 25% (40/160)
    Mode progress: 50% (80/160)
    Mode progress: 75% (120/160)
    Mode progress: 100% (160/160)
[1;32m46[0m...   Assembling diffusion operator at r=1/2 (160 modes × 5 harmonics)...
    Mode progress: 25% (40/160)
    Mode progress: 50% (80/160)
    Mode progress: 75% (120/160)
    Mode progress: 100% (160/160)
  Assembling diffusion operator at r=2/2 (160 modes × 5 harmonics)...
    Mode progress: 25% (40/160)
    Mode progress: 50% (80/160)
    Mode progress: 75% (120/160)
    Mode progress: 100% (160/160)
[1;32m47[0m...   Assembling diffusion operator at r=1/2 (160 modes × 5 harmonics)...
    Mode progress: 25% (40/160)
    Mode progress: 50% (80/160)
    Mode progress: 75% (120/160)
    Mode progress: 100% (160/160)
  Assembling diffusion operator at r=2/2 (160 modes × 5 harmonics)...
    Mode progress: 25% (40/160)
    Mode progress: 50% (80/160)
    Mode progress: 75% (120/160)
    Mode progress: 100% (160/160)
[1;32m48[0m...   Assembling diffusion operator at r=1/2 (160 modes × 5 harmonics)...
    Mode progress: 25% (40/160)
    Mode progress: 50% (80/160)
    Mode progress: 75% (120/160)
    Mode progress: 100% (160/160)
  Assembling diffusion operator at r=2/2 (160 modes × 5 harmonics)...
    Mode progress: 25% (40/160)
    Mode progress: 50% (80/160)
    Mode progress: 75% (120/160)
    Mode progress: 100% (160/160)
[1;32m49[0m...   Assembling diffusion operator at r=1/2 (160 modes × 5 harmonics)...
    Mode progress: 25% (40/160)
    Mode progress: 50% (80/160)
    Mode progress: 75% (120/160)
    Mode progress: 100% (160/160)
  Assembling diffusion operator at r=2/2 (160 modes × 5 harmonics)...
    Mode progress: 25% (40/160)
    Mode progress: 50% (80/160)
    Mode progress: 75% (120/160)
    Mode progress: 100% (160/160)
[1;32m50[0m... 
  Assembling diffusion operator at r=1/2 (160 modes × 5 harmonics)...
    Mode progress: 25% (40/160)
    Mode progress: 50% (80/160)
    Mode progress: 75% (120/160)
    Mode progress: 100% (160/160)
  Assembling diffusion operator at r=2/2 (160 modes × 5 harmonics)...
    Mode progress: 25% (40/160)
    Mode progress: 50% (80/160)
    Mode progress: 75% (120/160)
    Mode progress: 100% (160/160)
[1;32m51[0m...   Assembling diffusion operator at r=1/2 (160 modes × 5 harmonics)...
    Mode progress: 25% (40/160)
    Mode progress: 50% (80/160)
    Mode progress: 75% (120/160)
    Mode progress: 100% (160/160)
  Assembling diffusion operator at r=2/2 (160 modes × 5 harmonics)...
    Mode progress: 25% (40/160)
    Mode progress: 50% (80/160)
    Mode progress: 75% (120/160)
    Mode progress: 100% (160/160)
[1;32m52[0m...   Assembling diffusion operator at r=1/2 (160 modes × 5 harmonics)...
    Mode progress: 25% (40/160)
    Mode progress: 50% (80/160)
    Mode progress: 75% (120/160)
    Mode progress: 100% (160/160)
  Assembling diffusion operator at r=2/2 (160 modes × 5 harmonics)...
    Mode progress: 25% (40/160)
    Mode progress: 50% (80/160)
    Mode progress: 75% (120/160)
    Mode progress: 100% (160/160)
[1;32m53[0m...   Assembling diffusion operator at r=1/2 (160 modes × 5 harmonics)...
    Mode progress: 25% (40/160)
    Mode progress: 50% (80/160)
    Mode progress: 75% (120/160)
    Mode progress: 100% (160/160)
  Assembling diffusion operator at r=2/2 (160 modes × 5 harmonics)...
    Mode progress: 25% (40/160)
    Mode progress: 50% (80/160)
    Mode progress: 75% (120/160)
    Mode progress: 100% (160/160)
[1;32m54[0m...   Assembling diffusion operator at r=1/2 (160 modes × 5 harmonics)...
    Mode progress: 25% (40/160)
    Mode progress: 50% (80/160)
    Mode progress: 75% (120/160)
    Mode progress: 100% (160/160)
  Assembling diffusion operator at r=2/2 (160 modes × 5 harmonics)...
    Mode progress: 25% (40/160)
    Mode progress: 50% (80/160)
    Mode progress: 75% (120/160)
    Mode progress: 100% (160/160)
[1;32m55[0m...   Assembling diffusion operator at r=1/2 (160 modes × 5 harmonics)...
    Mode progress: 25% (40/160)
    Mode progress: 50% (80/160)
    Mode progress: 75% (120/160)
    Mode progress: 100% (160/160)
  Assembling diffusion operator at r=2/2 (160 modes × 5 harmonics)...
    Mode progress: 25% (40/160)
    Mode progress: 50% (80/160)
    Mode progress: 75% (120/160)
    Mode progress: 100% (160/160)
[1;32m56[0m...   Assembling diffusion operator at r=1/2 (160 modes × 5 harmonics)...
    Mode progress: 25% (40/160)
    Mode progress: 50% (80/160)
    Mode progress: 75% (120/160)
    Mode progress: 100% (160/160)
  Assembling diffusion operator at r=2/2 (160 modes × 5 harmonics)...
    Mode progress: 25% (40/160)
    Mode progress: 50% (80/160)
    Mode progress: 75% (120/160)
    Mode progress: 100% (160/160)
[1;32m57[0m...   Assembling diffusion operator at r=1/2 (160 modes × 5 harmonics)...
    Mode progress: 25% (40/160)
    Mode progress: 50% (80/160)
    Mode progress: 75% (120/160)
    Mode progress: 100% (160/160)
  Assembling diffusion operator at r=2/2 (160 modes × 5 harmonics)...
    Mode progress: 25% (40/160)
    Mode progress: 50% (80/160)
    Mode progress: 75% (120/160)
    Mode progress: 100% (160/160)
[1;32m58[0m...   Assembling diffusion operator at r=1/2 (160 modes × 5 harmonics)...
    Mode progress: 25% (40/160)
    Mode progress: 50% (80/160)
    Mode progress: 75% (120/160)
    Mode progress: 100% (160/160)
  Assembling diffusion operator at r=2/2 (160 modes × 5 harmonics)...
    Mode progress: 25% (40/160)
    Mode progress: 50% (80/160)
    Mode progress: 75% (120/160)
    Mode progress: 100% (160/160)
[1;32m59[0m...   Assembling diffusion operator at r=1/2 (160 modes × 5 harmonics)...
    Mode progress: 25% (40/160)
    Mode progress: 50% (80/160)
    Mode progress: 75% (120/160)
    Mode progress: 100% (160/160)
  Assembling diffusion operator at r=2/2 (160 modes × 5 harmonics)...
    Mode progress: 25% (40/160)
    Mode progress: 50% (80/160)
    Mode progress: 75% (120/160)
    Mode progress: 100% (160/160)
[1;32m60[0m... 
  Assembling diffusion operator at r=1/2 (160 modes × 5 harmonics)...
    Mode progress: 25% (40/160)
    Mode progress: 50% (80/160)
    Mode progress: 75% (120/160)
    Mode progress: 100% (160/160)
  Assembling diffusion operator at r=2/2 (160 modes × 5 harmonics)...
    Mode progress: 25% (40/160)
    Mode progress: 50% (80/160)
    Mode progress: 75% (120/160)
    Mode progress: 100% (160/160)
[1;32m61[0m...   Assembling diffusion operator at r=1/2 (160 modes × 5 harmonics)...
    Mode progress: 25% (40/160)
    Mode progress: 50% (80/160)
    Mode progress: 75% (120/160)
    Mode progress: 100% (160/160)
  Assembling diffusion operator at r=2/2 (160 modes × 5 harmonics)...
    Mode progress: 25% (40/160)
    Mode progress: 50% (80/160)
    Mode progress: 75% (120/160)
    Mode progress: 100% (160/160)
[1;32m62[0m...   Assembling diffusion operator at r=1/2 (160 modes × 5 harmonics)...
    Mode progress: 25% (40/160)
    Mode progress: 50% (80/160)
    Mode progress: 75% (120/160)
    Mode progress: 100% (160/160)
  Assembling diffusion operator at r=2/2 (160 modes × 5 harmonics)...
    Mode progress: 25% (40/160)
    Mode progress: 50% (80/160)
    Mode progress: 75% (120/160)
    Mode progress: 100% (160/160)
[1;32m63[0m...   Assembling diffusion operator at r=1/2 (160 modes × 5 harmonics)...
    Mode progress: 25% (40/160)
    Mode progress: 50% (80/160)
    Mode progress: 75% (120/160)
    Mode progress: 100% (160/160)
  Assembling diffusion operator at r=2/2 (160 modes × 5 harmonics)...
    Mode progress: 25% (40/160)
    Mode progress: 50% (80/160)
    Mode progress: 75% (120/160)
    Mode progress: 100% (160/160)
[1;32m64[0m...   Assembling diffusion operator at r=1/2 (160 modes × 5 harmonics)...
    Mode progress: 25% (40/160)
    Mode progress: 50% (80/160)
    Mode progress: 75% (120/160)
    Mode progress: 100% (160/160)
  Assembling diffusion operator at r=2/2 (160 modes × 5 harmonics)...
    Mode progress: 25% (40/160)
    Mode progress: 50% (80/160)
    Mode progress: 75% (120/160)
    Mode progress: 100% (160/160)
[1;32m65[0m...   Assembling diffusion operator at r=1/2 (160 modes × 5 harmonics)...
    Mode progress: 25% (40/160)
    Mode progress: 50% (80/160)
    Mode progress: 75% (120/160)
    Mode progress: 100% (160/160)
  Assembling diffusion operator at r=2/2 (160 modes × 5 harmonics)...
    Mode progress: 25% (40/160)
    Mode progress: 50% (80/160)
    Mode progress: 75% (120/160)
    Mode progress: 100% (160/160)
[1;32m66[0m...   Assembling diffusion operator at r=1/2 (160 modes × 5 harmonics)...
    Mode progress: 25% (40/160)
    Mode progress: 50% (80/160)
    Mode progress: 75% (120/160)
    Mode progress: 100% (160/160)
  Assembling diffusion operator at r=2/2 (160 modes × 5 harmonics)...
    Mode progress: 25% (40/160)
    Mode progress: 50% (80/160)
    Mode progress: 75% (120/160)
    Mode progress: 100% (160/160)
[1;32m67[0m...   Assembling diffusion operator at r=1/2 (160 modes × 5 harmonics)...
    Mode progress: 25% (40/160)
    Mode progress: 50% (80/160)
    Mode progress: 75% (120/160)
    Mode progress: 100% (160/160)
  Assembling diffusion operator at r=2/2 (160 modes × 5 harmonics)...
    Mode progress: 25% (40/160)
    Mode progress: 50% (80/160)
    Mode progress: 75% (120/160)
    Mode progress: 100% (160/160)
[1;32m68[0m...   Assembling diffusion operator at r=1/2 (160 modes × 5 harmonics)...
    Mode progress: 25% (40/160)
    Mode progress: 50% (80/160)
    Mode progress: 75% (120/160)
    Mode progress: 100% (160/160)
  Assembling diffusion operator at r=2/2 (160 modes × 5 harmonics)...
    Mode progress: 25% (40/160)
    Mode progress: 50% (80/160)
    Mode progress: 75% (120/160)
    Mode progress: 100% (160/160)
[1;32m69[0m...   Assembling diffusion operator at r=1/2 (160 modes × 5 harmonics)...
    Mode progress: 25% (40/160)
    Mode progress: 50% (80/160)
    Mode progress: 75% (120/160)
    Mode progress: 100% (160/160)
  Assembling diffusion operator at r=2/2 (160 modes × 5 harmonics)...
    Mode progress: 25% (40/160)
    Mode progress: 50% (80/160)
    Mode progress: 75% (120/160)
    Mode progress: 100% (160/160)
[1;32m70[0m... 
  Assembling diffusion operator at r=1/2 (160 modes × 5 harmonics)...
    Mode progress: 25% (40/160)
    Mode progress: 50% (80/160)
    Mode progress: 75% (120/160)
    Mode progress: 100% (160/160)
  Assembling diffusion operator at r=2/2 (160 modes × 5 harmonics)...
    Mode progress: 25% (40/160)
    Mode progress: 50% (80/160)
    Mode progress: 75% (120/160)
    Mode progress: 100% (160/160)
[1;32m71[0m...   Assembling diffusion operator at r=1/2 (160 modes × 5 harmonics)...
    Mode progress: 25% (40/160)
    Mode progress: 50% (80/160)
    Mode progress: 75% (120/160)
    Mode progress: 100% (160/160)
  Assembling diffusion operator at r=2/2 (160 modes × 5 harmonics)...
    Mode progress: 25% (40/160)
    Mode progress: 50% (80/160)
    Mode progress: 75% (120/160)
    Mode progress: 100% (160/160)
[1;32m72[0m...   Assembling diffusion operator at r=1/2 (160 modes × 5 harmonics)...
    Mode progress: 25% (40/160)
    Mode progress: 50% (80/160)
    Mode progress: 75% (120/160)
    Mode progress: 100% (160/160)
  Assembling diffusion operator at r=2/2 (160 modes × 5 harmonics)...
    Mode progress: 25% (40/160)
    Mode progress: 50% (80/160)
    Mode progress: 75% (120/160)
    Mode progress: 100% (160/160)
[1;32m73[0m...   Assembling diffusion operator at r=1/2 (160 modes × 5 harmonics)...
    Mode progress: 25% (40/160)
    Mode progress: 50% (80/160)
    Mode progress: 75% (120/160)
    Mode progress: 100% (160/160)
  Assembling diffusion operator at r=2/2 (160 modes × 5 harmonics)...
    Mode progress: 25% (40/160)
    Mode progress: 50% (80/160)
    Mode progress: 75% (120/160)
    Mode progress: 100% (160/160)
[1;32m74[0m...   Assembling diffusion operator at r=1/2 (160 modes × 5 harmonics)...
    Mode progress: 25% (40/160)
    Mode progress: 50% (80/160)
    Mode progress: 75% (120/160)
    Mode progress: 100% (160/160)
  Assembling diffusion operator at r=2/2 (160 modes × 5 harmonics)...
    Mode progress: 25% (40/160)
    Mode progress: 50% (80/160)
    Mode progress: 75% (120/160)
    Mode progress: 100% (160/160)
[1;32m75[0m...   Assembling diffusion operator at r=1/2 (160 modes × 5 harmonics)...
    Mode progress: 25% (40/160)
    Mode progress: 50% (80/160)
    Mode progress: 75% (120/160)
    Mode progress: 100% (160/160)
  Assembling diffusion operator at r=2/2 (160 modes × 5 harmonics)...
    Mode progress: 25% (40/160)
    Mode progress: 50% (80/160)
    Mode progress: 75% (120/160)
    Mode progress: 100% (160/160)
[1;32m76[0m...   Assembling diffusion operator at r=1/2 (160 modes × 5 harmonics)...
    Mode progress: 25% (40/160)
    Mode progress: 50% (80/160)
    Mode progress: 75% (120/160)
    Mode progress: 100% (160/160)
  Assembling diffusion operator at r=2/2 (160 modes × 5 harmonics)...
    Mode progress: 25% (40/160)
    Mode progress: 50% (80/160)
    Mode progress: 75% (120/160)
    Mode progress: 100% (160/160)
[1;32m77[0m...   Assembling diffusion operator at r=1/2 (160 modes × 5 harmonics)...
    Mode progress: 25% (40/160)
    Mode progress: 50% (80/160)
    Mode progress: 75% (120/160)
    Mode progress: 100% (160/160)
  Assembling diffusion operator at r=2/2 (160 modes × 5 harmonics)...
    Mode progress: 25% (40/160)
    Mode progress: 50% (80/160)
    Mode progress: 75% (120/160)
    Mode progress: 100% (160/160)
[1;32m78[0m...   Assembling diffusion operator at r=1/2 (160 modes × 5 harmonics)...
    Mode progress: 25% (40/160)
    Mode progress: 50% (80/160)
    Mode progress: 75% (120/160)
    Mode progress: 100% (160/160)
  Assembling diffusion operator at r=2/2 (160 modes × 5 harmonics)...
    Mode progress: 25% (40/160)
    Mode progress: 50% (80/160)
    Mode progress: 75% (120/160)
    Mode progress: 100% (160/160)
[1;32m79[0m...   Assembling diffusion operator at r=1/2 (160 modes × 5 harmonics)...
    Mode progress: 25% (40/160)
    Mode progress: 50% (80/160)
    Mode progress: 75% (120/160)
    Mode progress: 100% (160/160)
  Assembling diffusion operator at r=2/2 (160 modes × 5 harmonics)...
    Mode progress: 25% (40/160)
    Mode progress: 50% (80/160)
    Mode progress: 75% (120/160)
    Mode progress: 100% (160/160)
[1;32m80[0m... 
  Assembling diffusion operator at r=1/2 (160 modes × 5 harmonics)...
    Mode progress: 25% (40/160)
    Mode progress: 50% (80/160)
    Mode progress: 75% (120/160)
    Mode progress: 100% (160/160)
  Assembling diffusion operator at r=2/2 (160 modes × 5 harmonics)...
    Mode progress: 25% (40/160)
    Mode progress: 50% (80/160)
    Mode progress: 75% (120/160)
    Mode progress: 100% (160/160)
[1;32m81[0m...   Assembling diffusion operator at r=1/2 (160 modes × 5 harmonics)...
    Mode progress: 25% (40/160)
    Mode progress: 50% (80/160)
    Mode progress: 75% (120/160)
    Mode progress: 100% (160/160)
  Assembling diffusion operator at r=2/2 (160 modes × 5 harmonics)...
    Mode progress: 25% (40/160)
    Mode progress: 50% (80/160)
    Mode progress: 75% (120/160)
    Mode progress: 100% (160/160)
[1;32m82[0m...   Assembling diffusion operator at r=1/2 (160 modes × 5 harmonics)...
    Mode progress: 25% (40/160)
    Mode progress: 50% (80/160)
    Mode progress: 75% (120/160)
    Mode progress: 100% (160/160)
  Assembling diffusion operator at r=2/2 (160 modes × 5 harmonics)...
    Mode progress: 25% (40/160)
    Mode progress: 50% (80/160)
    Mode progress: 75% (120/160)
    Mode progress: 100% (160/160)
[1;32m83[0m...   Assembling diffusion operator at r=1/2 (160 modes × 5 harmonics)...
    Mode progress: 25% (40/160)
    Mode progress: 50% (80/160)
    Mode progress: 75% (120/160)
    Mode progress: 100% (160/160)
  Assembling diffusion operator at r=2/2 (160 modes × 5 harmonics)...
    Mode progress: 25% (40/160)
    Mode progress: 50% (80/160)
    Mode progress: 75% (120/160)
    Mode progress: 100% (160/160)
[1;32m84[0m...   Assembling diffusion operator at r=1/2 (160 modes × 5 harmonics)...
    Mode progress: 25% (40/160)
    Mode progress: 50% (80/160)
    Mode progress: 75% (120/160)
    Mode progress: 100% (160/160)
  Assembling diffusion operator at r=2/2 (160 modes × 5 harmonics)...
    Mode progress: 25% (40/160)
    Mode progress: 50% (80/160)
    Mode progress: 75% (120/160)
    Mode progress: 100% (160/160)
[1;32m85[0m...   Assembling diffusion operator at r=1/2 (160 modes × 5 harmonics)...
    Mode progress: 25% (40/160)
    Mode progress: 50% (80/160)
    Mode progress: 75% (120/160)
    Mode progress: 100% (160/160)
  Assembling diffusion operator at r=2/2 (160 modes × 5 harmonics)...
    Mode progress: 25% (40/160)
    Mode progress: 50% (80/160)
    Mode progress: 75% (120/160)
    Mode progress: 100% (160/160)
[1;32m86[0m...   Assembling diffusion operator at r=1/2 (160 modes × 5 harmonics)...
    Mode progress: 25% (40/160)
    Mode progress: 50% (80/160)
    Mode progress: 75% (120/160)
    Mode progress: 100% (160/160)
  Assembling diffusion operator at r=2/2 (160 modes × 5 harmonics)...
    Mode progress: 25% (40/160)
    Mode progress: 50% (80/160)
    Mode progress: 75% (120/160)
    Mode progress: 100% (160/160)
[1;32m87[0m...   Assembling diffusion operator at r=1/2 (160 modes × 5 harmonics)...
    Mode progress: 25% (40/160)
    Mode progress: 50% (80/160)
    Mode progress: 75% (120/160)
    Mode progress: 100% (160/160)
  Assembling diffusion operator at r=2/2 (160 modes × 5 harmonics)...
    Mode progress: 25% (40/160)
    Mode progress: 50% (80/160)
    Mode progress: 75% (120/160)
    Mode progress: 100% (160/160)
[1;32m88[0m...   Assembling diffusion operator at r=1/2 (160 modes × 5 harmonics)...
    Mode progress: 25% (40/160)
    Mode progress: 50% (80/160)
    Mode progress: 75% (120/160)
    Mode progress: 100% (160/160)
  Assembling diffusion operator at r=2/2 (160 modes × 5 harmonics)...
    Mode progress: 25% (40/160)
    Mode progress: 50% (80/160)
    Mode progress: 75% (120/160)
    Mode progress: 100% (160/160)
[1;32m89[0m...   Assembling diffusion operator at r=1/2 (160 modes × 5 harmonics)...
    Mode progress: 25% (40/160)
    Mode progress: 50% (80/160)
    Mode progress: 75% (120/160)
    Mode progress: 100% (160/160)
  Assembling diffusion operator at r=2/2 (160 modes × 5 harmonics)...
    Mode progress: 25% (40/160)
    Mode progress: 50% (80/160)
    Mode progress: 75% (120/160)
    Mode progress: 100% (160/160)
[1;32m90[0m... 
  Assembling diffusion operator at r=1/2 (160 modes × 5 harmonics)...
    Mode progress: 25% (40/160)
    Mode progress: 50% (80/160)
    Mode progress: 75% (120/160)
    Mode progress: 100% (160/160)
  Assembling diffusion operator at r=2/2 (160 modes × 5 harmonics)...
    Mode progress: 25% (40/160)
    Mode progress: 50% (80/160)
    Mode progress: 75% (120/160)
    Mode progress: 100% (160/160)
[1;32m91[0m...   Assembling diffusion operator at r=1/2 (160 modes × 5 harmonics)...
    Mode progress: 25% (40/160)
    Mode progress: 50% (80/160)
    Mode progress: 75% (120/160)
    Mode progress: 100% (160/160)
  Assembling diffusion operator at r=2/2 (160 modes × 5 harmonics)...
    Mode progress: 25% (40/160)
    Mode progress: 50% (80/160)
    Mode progress: 75% (120/160)
    Mode progress: 100% (160/160)
[1;32m92[0m...   Assembling diffusion operator at r=1/2 (160 modes × 5 harmonics)...
    Mode progress: 25% (40/160)
    Mode progress: 50% (80/160)
    Mode progress: 75% (120/160)
    Mode progress: 100% (160/160)
  Assembling diffusion operator at r=2/2 (160 modes × 5 harmonics)...
    Mode progress: 25% (40/160)
    Mode progress: 50% (80/160)
    Mode progress: 75% (120/160)
    Mode progress: 100% (160/160)
[1;32m93[0m...   Assembling diffusion operator at r=1/2 (160 modes × 5 harmonics)...
    Mode progress: 25% (40/160)
    Mode progress: 50% (80/160)
    Mode progress: 75% (120/160)
    Mode progress: 100% (160/160)
  Assembling diffusion operator at r=2/2 (160 modes × 5 harmonics)...
    Mode progress: 25% (40/160)
    Mode progress: 50% (80/160)
    Mode progress: 75% (120/160)
    Mode progress: 100% (160/160)
[1;32m94[0m...   Assembling diffusion operator at r=1/2 (160 modes × 5 harmonics)...
    Mode progress: 25% (40/160)
    Mode progress: 50% (80/160)
    Mode progress: 75% (120/160)
    Mode progress: 100% (160/160)
  Assembling diffusion operator at r=2/2 (160 modes × 5 harmonics)...
    Mode progress: 25% (40/160)
    Mode progress: 50% (80/160)
    Mode progress: 75% (120/160)
    Mode progress: 100% (160/160)
[1;32m95[0m...   Assembling diffusion operator at r=1/2 (160 modes × 5 harmonics)...
    Mode progress: 25% (40/160)
    Mode progress: 50% (80/160)
    Mode progress: 75% (120/160)
    Mode progress: 100% (160/160)
  Assembling diffusion operator at r=2/2 (160 modes × 5 harmonics)...
    Mode progress: 25% (40/160)
    Mode progress: 50% (80/160)
    Mode progress: 75% (120/160)
    Mode progress: 100% (160/160)
[1;32m96[0m...   Assembling diffusion operator at r=1/2 (160 modes × 5 harmonics)...
    Mode progress: 25% (40/160)
    Mode progress: 50% (80/160)
    Mode progress: 75% (120/160)
    Mode progress: 100% (160/160)
  Assembling diffusion operator at r=2/2 (160 modes × 5 harmonics)...
    Mode progress: 25% (40/160)
    Mode progress: 50% (80/160)
    Mode progress: 75% (120/160)
    Mode progress: 100% (160/160)
[1;32m97[0m...   Assembling diffusion operator at r=1/2 (160 modes × 5 harmonics)...
    Mode progress: 25% (40/160)
    Mode progress: 50% (80/160)
    Mode progress: 75% (120/160)
    Mode progress: 100% (160/160)
  Assembling diffusion operator at r=2/2 (160 modes × 5 harmonics)...
    Mode progress: 25% (40/160)
    Mode progress: 50% (80/160)
    Mode progress: 75% (120/160)
    Mode progress: 100% (160/160)
[1;32m98[0m...   Assembling diffusion operator at r=1/2 (160 modes × 5 harmonics)...
    Mode progress: 25% (40/160)
    Mode progress: 50% (80/160)
    Mode progress: 75% (120/160)
    Mode progress: 100% (160/160)
  Assembling diffusion operator at r=2/2 (160 modes × 5 harmonics)...
    Mode progress: 25% (40/160)
    Mode progress: 50% (80/160)
    Mode progress: 75% (120/160)
    Mode progress: 100% (160/160)
[1;32m99[0m...   Assembling diffusion operator at r=1/2 (160 modes × 5 harmonics)...
    Mode progress: 25% (40/160)
    Mode progress: 50% (80/160)
    Mode progress: 75% (120/160)
    Mode progress: 100% (160/160)
  Assembling diffusion operator at r=2/2 (160 modes × 5 harmonics)...
    Mode progress: 25% (40/160)
    Mode progress: 50% (80/160)
    Mode progress: 75% (120/160)
    Mode progress: 100% (160/160)
[1;32m100[0m... 

Solved equation system in 54 seconds, 256 milliseconds, 311 microseconds.
Saved output file to 'output.h5'.
corrupted size vs. prev_size
Aborted (core dumped)

QUADRE Wave Parameters:
  k_main = 54.58 m^-1
  θ_k_main = 2.42 rad (138.7°)
  k range: [50.61, 58.55] m^-1
  θ_k range: [2.35, 2.49] rad
  ✓ Quasilinear diffusion enabled (SIMPLIFIED dispersion)
  - Spectrum: uniform grid
  - Modes: 8 × 20 = 160
  - Harmonics: n ∈ {-2, -1, 0, +1, +2}
  - Dispersion: ω = k|k_∥| * w (fast analytical formula)

======================================================================
DREAM Quasilinear Diffusion Test - Simplified Dispersion Relation
======================================================================

Plasma Parameters:
  B0 = 1.4 T
  n_e = 5.00e+18 m^-3
  T = 2165 eV
  E = 0.04 V/m (E/Ec = 0.045)

Quasilinear Diffusion Configuration:
  Wave frequency: ~476 MHz (estimated from simplified dispersion)
  k_parallel: -41 m^-1
  k range: [50.61, 58.55] m^-1
  θ_k range: [2.35, 2.49] rad
  ✓ Quasilinear diffusion enabled (FAST MODE)
  - Spectrum: uniform grid
  - Modes: 8 × 20 = 160
  - Harmonics: n ∈ {-2, -1, 0, +1, +2}
  - Dispersion: ω = k|k_∥| * w

Time Stepping:
  t_max = 0.1 s
  Nt = 100
  dt = 1.00e-03 s

======================================================================
✓ Settings saved successfully!
======================================================================

Settings file: quasilinear_whistler_simple_settings.h5
Output file: ../outputs/quasilinear_whistler_simple.h5

To run manually:
  /data/zhzhou/DREAM/build/iface/dreami quasilinear_whistler_simple_settings.h5
======================================================================

Running simulation...
